2021-11-27 21:01:15,979::INFO::test_check_email[已注册邮箱]-->执行状态：passed 请求地址：https://zz-test.lanhuapp.com/api/account/check_email3 响应状态：200 响应时间:91
2021-11-27 21:01:16,109::INFO::test_check_email[未注册账户]-->执行状态：passed 请求地址：https://zz-test.lanhuapp.com/api/account/check_email3 响应状态：200 响应时间:102
2021-11-27 21:01:16,316::INFO::test_send_sms_code[发送短信0]-->执行状态：passed 请求地址：https://zz-test.lanhuapp.com/passport/api/send_verification_code_message 响应状态：200 响应时间:74
2021-11-27 21:01:16,428::INFO::test_send_sms_code[发送短信1]-->执行状态：passed 请求地址：https://zz-test.lanhuapp.com/passport/api/send_verification_code_message 响应状态：200 响应时间:59
2021-11-27 21:01:16,600::INFO::test_sms_register[短信注册]-->执行状态：passed 请求地址：https://zz-test.lanhuapp.com/passport/api/verify_sms_register 响应状态：200 响应时间:127
2021-11-27 21:01:17,027::INFO::test_register[初始化成功]-->执行状态：passed 请求地址：https://zz-test.lanhuapp.com/api/account/register 响应状态：200 响应时间:401
2021-11-27 21:01:18,559::INFO::test_login[登录成功]-->执行状态：passed 请求地址：https://zz-test.lanhuapp.com/api/account/login 响应状态：200 响应时间:1493
2021-11-27 21:01:18,697::INFO::test_login[未注册用户]-->执行状态：passed 请求地址：https://zz-test.lanhuapp.com/api/account/login 响应状态：200 响应时间:105
2021-11-27 21:01:18,902::INFO::test_version_tips[获取版本更新]-->执行状态：passed 请求地址：https://zz-test.lanhuapp.com/api/account/version_tips 响应状态：200 响应时间:177
2021-11-27 21:01:19,011::INFO::test_ws_url[ws_url]-->执行状态：passed 请求地址：https://ws-admin.lanhuapp.com/api/ws_admin/ws-url 响应状态：200 响应时间:70
2021-11-27 21:01:19,473::INFO::test_user_teams[获取用户团队]-->执行状态：passed 请求地址：https://zz-test.lanhuapp.com/api/account/user_teams 响应状态：200 响应时间:427
2021-11-27 21:01:19,605::INFO::test_get_user_settings[获取个人设置]-->执行状态：passed 请求地址：https://zz-test.lanhuapp.com/api/account/user_settings 响应状态：200 响应时间:103
2021-11-27 21:01:19,766::INFO::test_user_profile[个人操作设置]-->执行状态：passed 请求地址：https://zz-test.lanhuapp.com/api/account/user_profile 响应状态：200 响应时间:135
2021-11-27 21:01:19,932::INFO::test_user_detail[用户信息]-->执行状态：passed 请求地址：https://zz-test.lanhuapp.com/api/account/user/detail 响应状态：200 响应时间:140
2021-11-27 21:01:20,046::INFO::test_put_userinfo[修改用户名]-->执行状态：passed 请求地址：https://zz-test.lanhuapp.com/api/account/userinfo 响应状态：200 响应时间:62
2021-11-27 21:01:20,159::INFO::test_put_userinfo[修改微信通知类型]-->执行状态：passed 请求地址：https://zz-test.lanhuapp.com/api/account/userinfo 响应状态：200 响应时间:83
2021-11-27 21:01:20,323::INFO::test_user_pop_up[设置用户弹框]-->执行状态：passed 请求地址：https://zz-test.lanhuapp.com/api/account/user_pop_up 响应状态：200 响应时间:129
2021-11-27 21:01:20,469::INFO::test_user_pop_up[获取用户弹窗信息]-->执行状态：passed 请求地址：https://zz-test.lanhuapp.com/api/account/user_pop_up 响应状态：200 响应时间:108
2021-11-27 21:01:20,643::INFO::test_current_user_in_list[获取当前用户的配置信息]-->执行状态：passed 请求地址：https://zz-test.lanhuapp.com/api/account/current_user_in_list 响应状态：200 响应时间:116
2021-11-27 21:01:21,200::INFO::test_wechat[获取微信二维码]-->执行状态：passed 请求地址：https://zz-test.lanhuapp.com/api/wechat/follow 响应状态：200 响应时间:525
2021-11-27 21:01:21,309::INFO::test_wechat[微信解绑]-->执行状态：passed 请求地址：https://zz-test.lanhuapp.com/api/wechat/follow 响应状态：200 响应时间:75
2021-11-27 21:01:21,424::INFO::test_lark_lark[解绑飞书]-->执行状态：passed 请求地址：https://zz-test.lanhuapp.com/api/account/lark_unbind 响应状态：200 响应时间:75
2021-11-27 21:01:21,842::INFO::test_creat_team[创建团队A成功]-->执行状态：passed 请求地址：https://zz-test.lanhuapp.com/api/account/team/e87ef0ed-0088-4e11-b112-c9aa550b4c9c 响应状态：200 响应时间:358
2021-11-27 21:01:22,079::INFO::test_creat_team[创建团队B成功]-->执行状态：passed 请求地址：https://zz-test.lanhuapp.com/api/account/team/7d2f2ff6-a145-45fa-ad43-f395cbb74bd2 响应状态：200 响应时间:175
2021-11-27 21:01:22,227::INFO::test_business_package[获取套餐信息]-->执行状态：passed 请求地址：https://zz-test.lanhuapp.com/api/business/package 响应状态：200 响应时间:111
2021-11-27 21:01:22,430::INFO::test_create_order[创建订单]-->执行状态：passed 请求地址：https://zz-test.lanhuapp.com/api/business/order/create 响应状态：200 响应时间:175
2021-11-27 21:01:22,661::INFO::test_create_order[已有待支付]-->执行状态：passed 请求地址：https://zz-test.lanhuapp.com/api/business/order/create 响应状态：200 响应时间:195
2021-11-27 21:01:22,952::INFO::test_cancel_order[取消订单]-->执行状态：passed 请求地址：https://zz-test.lanhuapp.com/api/business/pay 响应状态：200 响应时间:258
2021-11-27 21:01:23,224::INFO::test_contract[申请合同]-->执行状态：passed 请求地址：https://zz-test.lanhuapp.com/api/business/contract 响应状态：200 响应时间:239
2021-11-27 21:01:23,406::INFO::test_contract[查看合同]-->执行状态：passed 请求地址：https://zz-test.lanhuapp.com/api/business/contract 响应状态：200 响应时间:146
2021-11-27 21:01:23,540::INFO::test_company_info[获取税号信息]-->执行状态：passed 请求地址：https://zz-test.lanhuapp.com/api/business/company_info 响应状态：200 响应时间:98
2021-11-27 21:01:23,743::INFO::test_invoice[订单未支付开发票]-->执行状态：passed 请求地址：https://zz-test.lanhuapp.com/api/business/invoice 响应状态：200 响应时间:171
2021-11-27 21:01:23,896::INFO::test_invoiceInfo[获取历史开票信息]-->执行状态：passed 请求地址：https://zz-test.lanhuapp.com/api/business/invoiceInfo 响应状态：200 响应时间:115
2021-11-27 21:01:24,267::INFO::test_team_service[获取team_service]-->执行状态：passed 请求地址：https://zz-test.lanhuapp.com/api/account/team/service 响应状态：200 响应时间:346
2021-11-27 21:01:24,463::INFO::test_put_team_service[修改团队服务信息]-->执行状态：passed 请求地址：https://zz-test.lanhuapp.com/api/account/team/service 响应状态：200 响应时间:142
2021-11-27 21:01:24,653::INFO::test_expire_notice[获取team_service]-->执行状态：passed 请求地址：https://zz-test.lanhuapp.com/api/business/expire_notice 响应状态：200 响应时间:153
2021-11-27 21:01:24,803::INFO::test_order_list[获取订单列表]-->执行状态：passed 请求地址：https://zz-test.lanhuapp.com/api/business/order/list 响应状态：200 响应时间:115
2021-11-27 21:01:25,916::INFO::test_create_folder[新建文件夹]-->执行状态：passed 请求地址：https://zz-test.lanhuapp.com/api/project/folder 响应状态：200 响应时间:267
2021-11-27 21:01:26,618::INFO::test_create_folder[重复创建]-->执行状态：passed 请求地址：https://zz-test.lanhuapp.com/api/project/folder 响应状态：200 响应时间:134
2021-11-27 21:01:26,871::INFO::test_rename_folder[重命名文件夹]-->执行状态：passed 请求地址：https://zz-test.lanhuapp.com/api/project/folder 响应状态：200 响应时间:226
2021-11-27 21:01:27,374::INFO::test_get_folder[获取文件夹信息]-->执行状态：passed 请求地址：https://zz-test.lanhuapp.com/api/project/folder 响应状态：200 响应时间:472
2021-11-27 21:01:28,532::INFO::test_get_team[获取团队信息]-->执行状态：passed 请求地址：https://zz-test.lanhuapp.com/api/account/team/0c19f4f3-6636-439e-8c0d-0dcfb920c702 响应状态：200 响应时间:1127
2021-11-27 21:01:28,720::INFO::test_put_team[修改团队名称]-->执行状态：passed 请求地址：https://zz-test.lanhuapp.com/api/account/team/0c19f4f3-6636-439e-8c0d-0dcfb920c702 响应状态：200 响应时间:123
2021-11-27 21:01:28,894::INFO::test_create_department[创建分组]-->执行状态：passed 请求地址：https://zz-test.lanhuapp.com/api/account/department 响应状态：200 响应时间:120
2021-11-27 21:01:29,017::INFO::test_del_department[删除分组]-->执行状态：passed 请求地址：https://zz-test.lanhuapp.com/api/account/department 响应状态：200 响应时间:86
2021-11-27 21:01:29,203::INFO::test_serializer[生成邀请链接]-->执行状态：passed 请求地址：https://zz-test.lanhuapp.com/api/project/serializer 响应状态：200 响应时间:130
2021-11-27 21:01:29,403::INFO::test_serializer[生成团队A邀请链接]-->执行状态：passed 请求地址：https://zz-test.lanhuapp.com/api/project/serializer 响应状态：200 响应时间:146
2021-11-27 21:01:29,558::INFO::test_short_url[生成短链]-->执行状态：passed 请求地址：https://zz-test.lanhuapp.com/url/short 响应状态：200 响应时间:114
2021-11-27 21:01:29,993::INFO::test_put_invite_member[邮箱加入]-->执行状态：passed 请求地址：https://zz-test.lanhuapp.com/api/account/invite_member 响应状态：200 响应时间:374
2021-11-27 21:01:30,444::INFO::test_put_invite_no_trace[链接加入]-->执行状态：passed 请求地址：https://zz-test.lanhuapp.com/api/account/invite_no_trace 响应状态：200 响应时间:418
2021-11-27 21:01:31,273::INFO::test_remove_member[移除团队成员]-->执行状态：passed 请求地址：https://zz-test.lanhuapp.com/api/account/remove_member 响应状态：200 响应时间:282
2021-11-27 21:01:31,444::INFO::test_search_member[搜索团队成员]-->执行状态：passed 请求地址：https://zz-test.lanhuapp.com/api/account/search_member 响应状态：200 响应时间:141
2021-11-27 21:01:32,208::INFO::test_create_project[创建成功0]-->执行状态：passed 请求地址：https://zz-test.lanhuapp.com/api/project/project_info 响应状态：200 响应时间:218
2021-11-27 21:01:33,081::INFO::test_create_project[创建成功1]-->执行状态：passed 请求地址：https://zz-test.lanhuapp.com/api/project/project_info 响应状态：200 响应时间:231
2021-11-27 21:01:33,923::INFO::test_create_project[没有权限]-->执行状态：passed 请求地址：https://zz-test.lanhuapp.com/api/project/project_info 响应状态：400 响应时间:159
2021-11-27 21:01:34,810::INFO::test_create_project[未传名称]-->执行状态：passed 请求地址：https://zz-test.lanhuapp.com/api/project/project_info 响应状态：400 响应时间:233
2021-11-27 21:01:35,699::INFO::test_create_project[未传team_id]-->执行状态：passed 请求地址：https://zz-test.lanhuapp.com/api/project/project_info 响应状态：400 响应时间:107
2021-11-27 21:01:36,264::INFO::test_share_project[快捷分享]-->执行状态：passed 请求地址：https://zz-test.lanhuapp.com/api/project/share_project 响应状态：200 响应时间:533
2021-11-27 21:01:36,513::INFO::test_project_add_member[项目添加成员]-->执行状态：passed 请求地址：https://zz-test.lanhuapp.com/api/project/project_info 响应状态：200 响应时间:212
2021-11-27 21:01:36,678::INFO::test_user_pic_status[获取项目图片更新]-->执行状态：passed 请求地址：https://zz-test.lanhuapp.com/api/account/user_pic_status 响应状态：200 响应时间:82
2021-11-27 21:01:36,832::INFO::test_users_to_projects[获取成员团队项目]-->执行状态：passed 请求地址：https://zz-test.lanhuapp.com/api/account/users_to_projects 响应状态：200 响应时间:122
2021-11-27 21:31:08,736::INFO::test_check_email[已注册邮箱]-->执行状态：passed 请求地址：https://zz-test.lanhuapp.com/api/account/check_email3 响应状态：200 响应时间:101
2021-11-27 21:31:08,862::INFO::test_check_email[未注册账户]-->执行状态：passed 请求地址：https://zz-test.lanhuapp.com/api/account/check_email3 响应状态：200 响应时间:94
2021-11-27 21:31:09,246::INFO::test_send_sms_code[发送短信0]-->执行状态：passed 请求地址：https://zz-test.lanhuapp.com/passport/api/send_verification_code_message 响应状态：200 响应时间:181
2021-11-27 21:31:09,695::INFO::test_send_sms_code[发送短信1]-->执行状态：passed 请求地址：https://zz-test.lanhuapp.com/passport/api/send_verification_code_message 响应状态：200 响应时间:378
2021-11-27 21:31:09,888::INFO::test_sms_register[短信注册]-->执行状态：passed 请求地址：https://zz-test.lanhuapp.com/passport/api/verify_sms_register 响应状态：200 响应时间:115
2021-11-27 21:31:10,151::INFO::test_register[初始化成功]-->执行状态：passed 请求地址：https://zz-test.lanhuapp.com/api/account/register 响应状态：200 响应时间:225
2021-11-27 21:31:10,737::INFO::test_login[登录成功]-->执行状态：passed 请求地址：https://zz-test.lanhuapp.com/api/account/login 响应状态：200 响应时间:521
2021-11-27 21:31:10,919::INFO::test_login[未注册用户]-->执行状态：passed 请求地址：https://zz-test.lanhuapp.com/api/account/login 响应状态：200 响应时间:109
2021-11-27 21:31:11,061::INFO::test_version_tips[获取版本更新]-->执行状态：passed 请求地址：https://zz-test.lanhuapp.com/api/account/version_tips 响应状态：200 响应时间:92
2021-11-27 21:31:11,195::INFO::test_ws_url[ws_url]-->执行状态：passed 请求地址：https://ws-admin.lanhuapp.com/api/ws_admin/ws-url 响应状态：200 响应时间:106
2021-11-27 21:31:11,519::INFO::test_user_teams[获取用户团队]-->执行状态：passed 请求地址：https://zz-test.lanhuapp.com/api/account/user_teams 响应状态：200 响应时间:273
2021-11-27 21:31:11,639::INFO::test_get_user_settings[获取个人设置]-->执行状态：passed 请求地址：https://zz-test.lanhuapp.com/api/account/user_settings 响应状态：200 响应时间:82
2021-11-27 21:31:11,812::INFO::test_user_profile[个人操作设置]-->执行状态：passed 请求地址：https://zz-test.lanhuapp.com/api/account/user_profile 响应状态：200 响应时间:101
2021-11-27 21:31:11,968::INFO::test_user_detail[用户信息]-->执行状态：passed 请求地址：https://zz-test.lanhuapp.com/api/account/user/detail 响应状态：200 响应时间:113
2021-11-27 21:31:12,119::INFO::test_put_userinfo[修改用户名]-->执行状态：passed 请求地址：https://zz-test.lanhuapp.com/api/account/userinfo 响应状态：200 响应时间:91
2021-11-27 21:31:12,665::INFO::test_put_userinfo[修改微信通知类型]-->执行状态：passed 请求地址：https://zz-test.lanhuapp.com/api/account/userinfo 响应状态：200 响应时间:501
2021-11-27 21:31:13,041::INFO::test_user_pop_up[设置用户弹框]-->执行状态：passed 请求地址：https://zz-test.lanhuapp.com/api/account/user_pop_up 响应状态：200 响应时间:329
2021-11-27 21:31:13,173::INFO::test_user_pop_up[获取用户弹窗信息]-->执行状态：passed 请求地址：https://zz-test.lanhuapp.com/api/account/user_pop_up 响应状态：200 响应时间:95
2021-11-27 21:31:13,343::INFO::test_current_user_in_list[获取当前用户的配置信息]-->执行状态：passed 请求地址：https://zz-test.lanhuapp.com/api/account/current_user_in_list 响应状态：200 响应时间:132
2021-11-27 21:31:13,739::INFO::test_wechat[获取微信二维码]-->执行状态：passed 请求地址：https://zz-test.lanhuapp.com/api/wechat/follow 响应状态：200 响应时间:358
2021-11-27 21:31:13,868::INFO::test_wechat[微信解绑]-->执行状态：passed 请求地址：https://zz-test.lanhuapp.com/api/wechat/follow 响应状态：200 响应时间:84
2021-11-27 21:31:13,991::INFO::test_lark_lark[解绑飞书]-->执行状态：passed 请求地址：https://zz-test.lanhuapp.com/api/account/lark_unbind 响应状态：200 响应时间:90
2021-11-27 21:31:14,271::INFO::test_creat_team[创建团队A成功]-->执行状态：passed 请求地址：https://zz-test.lanhuapp.com/api/account/team/e4e058ca-2b27-4142-8156-f544966c9d08 响应状态：200 响应时间:189
2021-11-27 21:31:14,537::INFO::test_creat_team[创建团队B成功]-->执行状态：passed 请求地址：https://zz-test.lanhuapp.com/api/account/team/6f39110c-97c3-4a1c-b2d2-7da440d6384a 响应状态：200 响应时间:185
2021-11-27 21:31:14,680::INFO::test_business_package[获取套餐信息]-->执行状态：passed 请求地址：https://zz-test.lanhuapp.com/api/business/package 响应状态：200 响应时间:106
2021-11-27 21:31:14,909::INFO::test_create_order[创建订单]-->执行状态：passed 请求地址：https://zz-test.lanhuapp.com/api/business/order/create 响应状态：200 响应时间:189
2021-11-27 21:31:15,145::INFO::test_create_order[已有待支付]-->执行状态：passed 请求地址：https://zz-test.lanhuapp.com/api/business/order/create 响应状态：200 响应时间:166
2021-11-27 21:31:15,470::INFO::test_cancel_order[取消订单]-->执行状态：passed 请求地址：https://zz-test.lanhuapp.com/api/business/pay 响应状态：200 响应时间:274
2021-11-27 21:31:15,720::INFO::test_contract[申请合同]-->执行状态：passed 请求地址：https://zz-test.lanhuapp.com/api/business/contract 响应状态：200 响应时间:208
2021-11-27 21:31:15,904::INFO::test_contract[查看合同]-->执行状态：passed 请求地址：https://zz-test.lanhuapp.com/api/business/contract 响应状态：200 响应时间:140
