2021-12-20 17:34:48,356::INFO::test_check_email[已注册邮箱]-->执行状态：passed 请求地址：https://zz-test.lanhuapp.com/api/account/check_email3 响应状态：200 响应时间:2138
2021-12-20 17:34:48,447::INFO::test_check_email[未注册账户]-->执行状态：passed 请求地址：https://zz-test.lanhuapp.com/api/account/check_email3 响应状态：200 响应时间:67
2021-12-20 17:34:48,599::INFO::test_send_sms_code[发送短信0]-->执行状态：passed 请求地址：https://zz-test.lanhuapp.com/passport/api/send_verification_code_message 响应状态：200 响应时间:66
2021-12-20 17:34:48,709::INFO::test_send_sms_code[发送短信1]-->执行状态：passed 请求地址：https://zz-test.lanhuapp.com/passport/api/send_verification_code_message 响应状态：200 响应时间:55
2021-12-20 17:34:48,832::INFO::test_sms_register[短信注册]-->执行状态：passed 请求地址：https://zz-test.lanhuapp.com/passport/api/verify_sms_register 响应状态：200 响应时间:57
2021-12-20 17:34:48,936::ERROR::test_register[初始化成功]-->执行状态：failed 请求地址：https://zz-test.lanhuapp.com/api/account/register 响应状态：200 响应时间:59
2021-12-20 17:34:49,093::ERROR::test_register[初始化成功]-->执行状态：failed 请求地址：https://zz-test.lanhuapp.com/api/account/register 响应状态：200 响应时间:90
2021-12-20 17:34:49,823::INFO::test_login[登录成功]-->执行状态：passed 请求地址：https://zz-test.lanhuapp.com/api/account/login 响应状态：200 响应时间:656
2021-12-20 17:34:49,957::INFO::test_login[未注册用户]-->执行状态：passed 请求地址：https://zz-test.lanhuapp.com/api/account/login 响应状态：200 响应时间:107
2021-12-20 17:34:50,063::INFO::test_version_tips[获取版本更新]-->执行状态：passed 请求地址：https://zz-test.lanhuapp.com/api/account/version_tips 响应状态：200 响应时间:81
2021-12-20 17:34:50,189::INFO::test_ws_url[ws_url]-->执行状态：passed 请求地址：https://ws-admin.lanhuapp.com/api/ws_admin/ws-url 响应状态：200 响应时间:91
2021-12-20 17:34:50,882::INFO::test_user_teams[获取用户团队]-->执行状态：passed 请求地址：https://zz-test.lanhuapp.com/api/account/user_teams 响应状态：200 响应时间:596
2021-12-20 17:34:51,006::INFO::test_get_user_settings[获取个人设置]-->执行状态：passed 请求地址：https://zz-test.lanhuapp.com/api/account/user_settings 响应状态：200 响应时间:89
2021-12-20 17:34:51,197::INFO::test_user_profile[个人操作设置]-->执行状态：passed 请求地址：https://zz-test.lanhuapp.com/api/account/user_profile 响应状态：200 响应时间:162
2021-12-20 17:34:51,422::INFO::test_user_detail[用户信息]-->执行状态：passed 请求地址：https://zz-test.lanhuapp.com/api/account/user/detail 响应状态：200 响应时间:197
2021-12-20 17:34:51,559::INFO::test_put_userinfo[修改用户名]-->执行状态：passed 请求地址：https://zz-test.lanhuapp.com/api/account/userinfo 响应状态：200 响应时间:83
2021-12-20 17:34:51,658::INFO::test_put_userinfo[修改微信通知类型]-->执行状态：passed 请求地址：https://zz-test.lanhuapp.com/api/account/userinfo 响应状态：200 响应时间:73
2021-12-20 17:34:51,782::INFO::test_user_pop_up[设置用户弹框]-->执行状态：passed 请求地址：https://zz-test.lanhuapp.com/api/account/user_pop_up 响应状态：200 响应时间:97
2021-12-20 17:34:51,889::INFO::test_user_pop_up[获取用户弹窗信息]-->执行状态：passed 请求地址：https://zz-test.lanhuapp.com/api/account/user_pop_up 响应状态：200 响应时间:75
2021-12-20 17:34:51,988::INFO::test_current_user_in_list[获取当前用户的配置信息]-->执行状态：passed 请求地址：https://zz-test.lanhuapp.com/api/account/current_user_in_list 响应状态：200 响应时间:69
2021-12-20 17:34:52,546::INFO::test_wechat[获取微信二维码]-->执行状态：passed 请求地址：https://zz-test.lanhuapp.com/api/wechat/follow 响应状态：200 响应时间:529
2021-12-20 17:34:52,655::INFO::test_wechat[微信解绑]-->执行状态：passed 请求地址：https://zz-test.lanhuapp.com/api/wechat/follow 响应状态：200 响应时间:62
2021-12-20 17:34:52,748::INFO::test_lark_lark[解绑飞书]-->执行状态：passed 请求地址：https://zz-test.lanhuapp.com/api/account/lark_unbind 响应状态：200 响应时间:67
2021-12-20 17:34:53,020::INFO::test_creat_team[创建团队A成功]-->执行状态：passed 请求地址：https://zz-test.lanhuapp.com/api/account/team/9f7d05b8-bdc7-46e2-84c4-15f0d4f0cf76 响应状态：200 响应时间:215
2021-12-20 17:34:53,260::INFO::test_creat_team[创建团队B成功]-->执行状态：passed 请求地址：https://zz-test.lanhuapp.com/api/account/team/0d9892ae-4702-4e26-bd4d-4d4daf1bebf7 响应状态：200 响应时间:188
2021-12-20 17:34:53,400::INFO::test_business_package[获取套餐信息]-->执行状态：passed 请求地址：https://zz-test.lanhuapp.com/api/business/package 响应状态：200 响应时间:116
2021-12-20 17:34:53,606::INFO::test_create_order[创建订单]-->执行状态：passed 请求地址：https://zz-test.lanhuapp.com/api/business/order/create 响应状态：200 响应时间:179
2021-12-20 17:34:53,795::INFO::test_create_order[已有待支付]-->执行状态：passed 请求地址：https://zz-test.lanhuapp.com/api/business/order/create 响应状态：200 响应时间:164
2021-12-20 17:34:54,178::INFO::test_cancel_order[取消订单]-->执行状态：passed 请求地址：https://zz-test.lanhuapp.com/api/business/pay 响应状态：200 响应时间:352
2021-12-20 17:34:54,342::INFO::test_contract[申请合同]-->执行状态：passed 请求地址：https://zz-test.lanhuapp.com/api/business/contract 响应状态：200 响应时间:137
2021-12-20 17:34:54,512::INFO::test_contract[查看合同]-->执行状态：passed 请求地址：https://zz-test.lanhuapp.com/api/business/contract 响应状态：200 响应时间:138
2021-12-20 17:34:54,633::INFO::test_company_info[获取税号信息]-->执行状态：passed 请求地址：https://zz-test.lanhuapp.com/api/business/company_info 响应状态：200 响应时间:96
2021-12-20 17:34:54,835::INFO::test_invoice[订单未支付开发票]-->执行状态：passed 请求地址：https://zz-test.lanhuapp.com/api/business/invoice 响应状态：200 响应时间:173
2021-12-20 17:34:54,944::INFO::test_invoiceInfo[获取历史开票信息]-->执行状态：passed 请求地址：https://zz-test.lanhuapp.com/api/business/invoiceInfo 响应状态：200 响应时间:79
2021-12-20 17:34:55,151::INFO::test_team_service[获取team_service]-->执行状态：passed 请求地址：https://zz-test.lanhuapp.com/api/account/team/service 响应状态：200 响应时间:181
2021-12-20 17:34:55,315::INFO::test_put_team_service[修改团队服务信息]-->执行状态：passed 请求地址：https://zz-test.lanhuapp.com/api/account/team/service 响应状态：200 响应时间:143
2021-12-20 17:34:55,495::INFO::test_expire_notice[获取team_service]-->执行状态：passed 请求地址：https://zz-test.lanhuapp.com/api/business/expire_notice 响应状态：200 响应时间:147
2021-12-20 17:34:55,723::INFO::test_order_list[获取订单列表]-->执行状态：passed 请求地址：https://zz-test.lanhuapp.com/api/business/order/list 响应状态：200 响应时间:153
2021-12-20 17:34:57,426::INFO::test_create_folder[新建文件夹]-->执行状态：passed 请求地址：https://zz-test.lanhuapp.com/api/project/folder 响应状态：200 响应时间:168
2021-12-20 17:34:58,452::INFO::test_create_folder[重复创建]-->执行状态：passed 请求地址：https://zz-test.lanhuapp.com/api/project/folder 响应状态：200 响应时间:152
2021-12-20 17:34:58,741::INFO::test_rename_folder[重命名文件夹]-->执行状态：passed 请求地址：https://zz-test.lanhuapp.com/api/project/folder 响应状态：200 响应时间:214
2021-12-20 17:34:58,924::INFO::test_get_folder[获取文件夹信息]-->执行状态：passed 请求地址：https://zz-test.lanhuapp.com/api/project/folder 响应状态：200 响应时间:151
2021-12-20 17:34:59,149::INFO::test_get_team[获取团队信息]-->执行状态：passed 请求地址：https://zz-test.lanhuapp.com/api/account/team/fbecd44b-ad74-4759-8274-cc159fdb73b6 响应状态：200 响应时间:188
2021-12-20 17:34:59,327::INFO::test_put_team[修改团队名称]-->执行状态：passed 请求地址：https://zz-test.lanhuapp.com/api/account/team/fbecd44b-ad74-4759-8274-cc159fdb73b6 响应状态：200 响应时间:117
2021-12-20 17:34:59,556::INFO::test_create_department[创建分组]-->执行状态：passed 请求地址：https://zz-test.lanhuapp.com/api/account/department 响应状态：200 响应时间:141
2021-12-20 17:34:59,814::INFO::test_del_department[删除分组]-->执行状态：passed 请求地址：https://zz-test.lanhuapp.com/api/account/department 响应状态：200 响应时间:107
2021-12-20 17:34:59,964::INFO::test_serializer[生成邀请链接]-->执行状态：passed 请求地址：https://zz-test.lanhuapp.com/api/project/serializer 响应状态：200 响应时间:101
2021-12-20 17:35:00,200::INFO::test_serializer[生成团队A邀请链接]-->执行状态：passed 请求地址：https://zz-test.lanhuapp.com/api/project/serializer 响应状态：200 响应时间:185
2021-12-20 17:35:00,337::INFO::test_short_url[生成短链]-->执行状态：passed 请求地址：https://zz-test.lanhuapp.com/url/short 响应状态：200 响应时间:106
2021-12-20 17:35:00,566::ERROR::test_put_invite_member[邮箱加入]-->执行状态：failed 请求地址：https://zz-test.lanhuapp.com/api/account/invite_member 响应状态：200 响应时间:173
2021-12-20 17:35:00,804::ERROR::test_put_invite_member[邮箱加入]-->执行状态：failed 请求地址：https://zz-test.lanhuapp.com/api/account/invite_member 响应状态：200 响应时间:151
2021-12-20 17:35:01,112::ERROR::test_put_invite_no_trace[链接加入]-->执行状态：failed 请求地址：https://zz-test.lanhuapp.com/api/account/invite_no_trace 响应状态：200 响应时间:202
2021-12-20 17:35:01,352::ERROR::test_put_invite_no_trace[链接加入]-->执行状态：failed 请求地址：https://zz-test.lanhuapp.com/api/account/invite_no_trace 响应状态：200 响应时间:142
2021-12-20 17:35:02,571::ERROR::test_remove_member[移除团队成员]-->执行状态：failed 请求地址：https://zz-test.lanhuapp.com/api/account/remove_member 响应状态：500 响应时间:222
2021-12-20 17:35:03,556::ERROR::test_remove_member[移除团队成员]-->执行状态：failed 请求地址：https://zz-test.lanhuapp.com/api/account/remove_member 响应状态：500 响应时间:175
2021-12-20 17:35:03,678::INFO::test_search_member[搜索团队成员]-->执行状态：passed 请求地址：https://zz-test.lanhuapp.com/api/account/search_member 响应状态：200 响应时间:93
2021-12-20 17:35:04,778::INFO::test_create_project[创建成功0]-->执行状态：passed 请求地址：https://zz-test.lanhuapp.com/api/project/project_info 响应状态：200 响应时间:196
2021-12-20 17:35:06,072::INFO::test_create_project[创建成功1]-->执行状态：passed 请求地址：https://zz-test.lanhuapp.com/api/project/project_info 响应状态：200 响应时间:220
2021-12-20 17:35:07,199::INFO::test_create_project[没有权限]-->执行状态：passed 请求地址：https://zz-test.lanhuapp.com/api/project/project_info 响应状态：400 响应时间:169
2021-12-20 17:35:08,139::INFO::test_create_project[未传名称]-->执行状态：passed 请求地址：https://zz-test.lanhuapp.com/api/project/project_info 响应状态：400 响应时间:208
2021-12-20 17:35:09,427::INFO::test_create_project[未传team_id]-->执行状态：passed 请求地址：https://zz-test.lanhuapp.com/api/project/project_info 响应状态：400 响应时间:113
2021-12-20 17:35:09,947::INFO::test_share_project[快捷分享]-->执行状态：passed 请求地址：https://zz-test.lanhuapp.com/api/project/share_project 响应状态：200 响应时间:483
2021-12-20 17:35:10,098::INFO::test_project_add_member[项目添加成员]-->执行状态：passed 请求地址：https://zz-test.lanhuapp.com/api/project/project_info 响应状态：200 响应时间:115
2021-12-20 17:35:10,257::INFO::test_user_pic_status[获取项目图片更新]-->执行状态：passed 请求地址：https://zz-test.lanhuapp.com/api/account/user_pic_status 响应状态：200 响应时间:128
2021-12-20 17:35:10,373::INFO::test_users_to_projects[获取成员团队项目]-->执行状态：passed 请求地址：https://zz-test.lanhuapp.com/api/account/users_to_projects 响应状态：200 响应时间:90
2021-12-20 17:35:10,495::INFO::test_recently_used_project[获取团队下所有项目最近一个月最后使用时间]-->执行状态：passed 请求地址：https://lhnotify-zz-test.lanhuapp.com/api/project/recently_used_project 响应状态：200 响应时间:91
2021-12-20 17:35:10,636::INFO::test_project_usernames[获取@项目成员]-->执行状态：passed 请求地址：https://zz-test.lanhuapp.com/api/account/project_usernames 响应状态：200 响应时间:95
2021-12-20 17:35:10,793::INFO::test_project_rm_member[项目删除成员]-->执行状态：passed 请求地址：https://zz-test.lanhuapp.com/api/project/project_info 响应状态：200 响应时间:115
2021-12-20 17:35:11,079::ERROR::test_update_member[修改成员权限]-->执行状态：failed 请求地址：https://zz-test.lanhuapp.com/api/account/update_member 响应状态：500 响应时间:220
2021-12-20 17:35:11,360::ERROR::test_update_member[修改成员权限]-->执行状态：failed 请求地址：https://zz-test.lanhuapp.com/api/account/update_member 响应状态：500 响应时间:235
2021-12-20 17:35:11,507::INFO::test_update_member[未注册用户]-->执行状态：passed 请求地址：https://zz-test.lanhuapp.com/api/account/update_member 响应状态：200 响应时间:97
2021-12-20 17:35:11,625::INFO::test_update_member[没有权限]-->执行状态：passed 请求地址：https://zz-test.lanhuapp.com/api/account/update_member 响应状态：200 响应时间:84
2021-12-20 17:35:11,770::INFO::test_update_projects[增加成员项目]-->执行状态：passed 请求地址：https://zz-test.lanhuapp.com/api/account/update_projects 响应状态：200 响应时间:101
2021-12-20 17:35:11,957::INFO::test_update_projects[减少成员项目]-->执行状态：passed 请求地址：https://zz-test.lanhuapp.com/api/account/update_projects 响应状态：200 响应时间:151
2021-12-20 17:35:12,148::INFO::test_change_project_type[修改项目类型]-->执行状态：passed 请求地址：https://zz-test.lanhuapp.com/api/project/project_info 响应状态：200 响应时间:155
2021-12-20 17:35:12,351::INFO::test_change_project_name[修改项目名称]-->执行状态：passed 请求地址：https://zz-test.lanhuapp.com/api/project/project_info 响应状态：200 响应时间:167
2021-12-20 17:35:12,562::INFO::test_get_project_info[获取项目信息0]-->执行状态：passed 请求地址：https://zz-test.lanhuapp.com/api/project/project_info 响应状态：200 响应时间:182
2021-12-20 17:35:12,716::INFO::test_get_project_info[获取项目信息1]-->执行状态：passed 请求地址：https://zz-test.lanhuapp.com/api/project/project_info 响应状态：200 响应时间:112
2021-12-20 17:35:12,886::INFO::test_multiple_projects[获取团队下项目简单信息]-->执行状态：passed 请求地址：https://zz-test.lanhuapp.com/api/project/multiple_projects 响应状态：200 响应时间:131
2021-12-20 17:35:13,337::INFO::test_move_project[移动项目到其他团队]-->执行状态：passed 请求地址：https://zz-test.lanhuapp.com/api/project/move_project 响应状态：200 响应时间:412
2021-12-20 17:35:13,544::INFO::test_move_project_folder[移动项目到文件夹]-->执行状态：passed 请求地址：https://zz-test.lanhuapp.com/api/project/update_project_folder 响应状态：200 响应时间:168
2021-12-20 17:35:13,683::INFO::test_folder_projects[获取文件夹下项目]-->执行状态：passed 请求地址：https://zz-test.lanhuapp.com/api/account/folder_projects 响应状态：200 响应时间:103
2021-12-20 17:35:14,039::INFO::test_upload_image[上传设计图]-->执行状态：passed 请求地址：https://zz-test.lanhuapp.com/api/project/image 响应状态：200 响应时间:258
2021-12-20 17:35:14,276::INFO::test_upload_image[项目id不存在]-->执行状态：passed 请求地址：https://zz-test.lanhuapp.com/api/project/image 响应状态：400 响应时间:176
2021-12-20 17:35:14,466::INFO::test_get_image[获取图片信息]-->执行状态：passed 请求地址：https://zz-test.lanhuapp.com/api/project/image 响应状态：200 响应时间:154
2021-12-20 17:35:14,719::INFO::test_image_type[组状态]-->执行状态：passed 请求地址：https://zz-test.lanhuapp.com/api/project/image_type 响应状态：200 响应时间:207
2021-12-20 17:35:14,993::INFO::test_image_type[脱离状态]-->执行状态：passed 请求地址：https://zz-test.lanhuapp.com/api/project/image_type 响应状态：200 响应时间:232
2021-12-20 17:35:15,325::INFO::test_copyimage[复制粘贴图片]-->执行状态：passed 请求地址：https://zz-test.lanhuapp.com/api/project/copyimage 响应状态：200 响应时间:232
2021-12-20 17:35:15,620::INFO::test_get_compressed[获取>20M的压缩后的图片]-->执行状态：passed 请求地址：https://zz-test.lanhuapp.com/api/project/get_compressed 响应状态：200 响应时间:251
2021-12-20 17:35:15,792::INFO::test_image_home[设置原型主页]-->执行状态：passed 请求地址：https://zz-test.lanhuapp.com/api/project/image_home 响应状态：200 响应时间:135
2021-12-20 17:35:15,905::INFO::test_get_image_home[获取原型主页]-->执行状态：passed 请求地址：https://zz-test.lanhuapp.com/api/project/image_home 响应状态：200 响应时间:80
2021-12-20 17:35:16,151::INFO::test_prototype[添加原型链接]-->执行状态：passed 请求地址：https://zz-test.lanhuapp.com/api/project/prototype 响应状态：200 响应时间:216
2021-12-20 17:35:16,334::INFO::test_get_prototype[获取原型链接]-->执行状态：passed 请求地址：https://zz-test.lanhuapp.com/api/project/prototype 响应状态：200 响应时间:152
2021-12-20 17:35:16,597::INFO::test_sector[创建设计图分组A]-->执行状态：passed 请求地址：https://zz-test.lanhuapp.com/api/project/sector 响应状态：200 响应时间:197
2021-12-20 17:35:16,869::INFO::test_sector[创建设计图分组B]-->执行状态：passed 请求地址：https://zz-test.lanhuapp.com/api/project/sector 响应状态：200 响应时间:213
2021-12-20 17:35:17,140::INFO::test_sector[创建设计图分组C]-->执行状态：passed 请求地址：https://zz-test.lanhuapp.com/api/project/sector 响应状态：200 响应时间:209
2021-12-20 17:35:17,398::INFO::test_sector[创建设计图分组D]-->执行状态：passed 请求地址：https://zz-test.lanhuapp.com/api/project/sector 响应状态：200 响应时间:195
2021-12-20 17:35:17,598::INFO::test_rename_sector[重命名分组]-->执行状态：passed 请求地址：https://zz-test.lanhuapp.com/api/project/sector 响应状态：200 响应时间:167
2021-12-20 17:35:17,795::INFO::test_get_project_sectors[获取分组]-->执行状态：passed 请求地址：https://zz-test.lanhuapp.com/api/project/project_sectors 响应状态：200 响应时间:149
2021-12-20 17:35:18,030::INFO::test_change_sector[分组增删设计图]-->执行状态：passed 请求地址：https://zz-test.lanhuapp.com/api/project/sector 响应状态：200 响应时间:203
2021-12-20 17:35:18,277::INFO::test_sector_sort[分组排序]-->执行状态：passed 请求地址：https://zz-test.lanhuapp.com/api/project/sector_sort 响应状态：200 响应时间:185
2021-12-20 17:35:18,515::INFO::test_sector_image_sort[图片排序]-->执行状态：passed 请求地址：https://zz-test.lanhuapp.com/api/project/sector_image_sort 响应状态：200 响应时间:194
2021-12-20 17:35:18,772::INFO::test_del_sector[删除分组]-->执行状态：passed 请求地址：https://zz-test.lanhuapp.com/api/project/sector_new 响应状态：200 响应时间:196
2021-12-20 17:35:19,126::INFO::test_card[创建文字卡片]-->执行状态：passed 请求地址：https://zz-test.lanhuapp.com/api/project/image 响应状态：200 响应时间:293
2021-12-20 17:35:19,376::INFO::test_card[填写文字卡片]-->执行状态：passed 请求地址：https://zz-test.lanhuapp.com/api/project/image 响应状态：200 响应时间:204
2021-12-20 17:35:19,632::INFO::test_upload_file[上传word]-->执行状态：passed 请求地址：https://zz-test.lanhuapp.com/api/project/image 响应状态：200 响应时间:224
2021-12-20 17:35:19,908::INFO::test_upload_file[上传PDF]-->执行状态：passed 请求地址：https://zz-test.lanhuapp.com/api/project/image 响应状态：200 响应时间:240
2021-12-20 17:35:20,249::INFO::test_upload_file[上传Excel]-->执行状态：passed 请求地址：https://zz-test.lanhuapp.com/api/project/image 响应状态：200 响应时间:301
2021-12-20 17:35:20,545::INFO::test_upload_file[上传PPT]-->执行状态：passed 请求地址：https://zz-test.lanhuapp.com/api/project/image 响应状态：200 响应时间:250
2021-12-20 17:35:20,680::INFO::test_search_image[搜索image]-->执行状态：passed 请求地址：https://zz-test.lanhuapp.com/api/project/search_image 响应状态：200 响应时间:102
2021-12-20 17:35:20,780::INFO::test_update_version[修改图片版本名称]-->执行状态：passed 请求地址：https://zz-test.lanhuapp.com/api/project/update_version 响应状态：200 响应时间:60
2021-12-20 17:35:20,905::INFO::test_image_contrast[对比成功]-->执行状态：passed 请求地址：https://zz-test.lanhuapp.com/api/base_api/image_algorithm/image_contrast 响应状态：200 响应时间:69
2021-12-20 17:35:21,003::INFO::test_image_contrast[参数异常]-->执行状态：passed 请求地址：https://zz-test.lanhuapp.com/api/base_api/image_algorithm/image_contrast 响应状态：200 响应时间:55
2021-12-20 17:35:21,180::INFO::test_image_contrast[图片大小不一致]-->执行状态：passed 请求地址：https://zz-test.lanhuapp.com/api/base_api/image_algorithm/image_contrast 响应状态：200 响应时间:126
2021-12-20 17:35:21,291::INFO::test_image_contrast[图片无差异]-->执行状态：passed 请求地址：https://zz-test.lanhuapp.com/api/base_api/image_algorithm/image_contrast 响应状态：200 响应时间:80
2021-12-20 17:35:21,480::INFO::test_link[创建连线]-->执行状态：passed 请求地址：https://zz-test.lanhuapp.com/api/project/link 响应状态：200 响应时间:132
2021-12-20 17:36:47,576::INFO::test_check_email[已注册邮箱]-->执行状态：passed 请求地址：https://zz-test.lanhuapp.com/api/account/check_email3 响应状态：200 响应时间:127
2021-12-20 17:36:47,669::INFO::test_check_email[未注册账户]-->执行状态：passed 请求地址：https://zz-test.lanhuapp.com/api/account/check_email3 响应状态：200 响应时间:63
2021-12-20 17:36:47,871::INFO::test_send_sms_code[发送短信0]-->执行状态：passed 请求地址：https://zz-test.lanhuapp.com/passport/api/send_verification_code_message 响应状态：200 响应时间:90
2021-12-20 17:36:47,996::INFO::test_send_sms_code[发送短信1]-->执行状态：passed 请求地址：https://zz-test.lanhuapp.com/passport/api/send_verification_code_message 响应状态：200 响应时间:63
2021-12-20 17:36:48,160::INFO::test_sms_register[短信注册]-->执行状态：passed 请求地址：https://zz-test.lanhuapp.com/passport/api/verify_sms_register 响应状态：200 响应时间:86
2021-12-20 17:36:48,381::ERROR::test_register[初始化成功]-->执行状态：failed 请求地址：https://zz-test.lanhuapp.com/api/account/register 响应状态：200 响应时间:160
2021-12-20 17:36:48,529::ERROR::test_register[初始化成功]-->执行状态：failed 请求地址：https://zz-test.lanhuapp.com/api/account/register 响应状态：200 响应时间:72
2021-12-20 17:37:30,777::INFO::test_check_email[已注册邮箱]-->执行状态：passed 请求地址：https://dev.lanhuapp.com/api/account/check_email3 响应状态：200 响应时间:3308
2021-12-20 17:37:30,920::INFO::test_check_email[未注册账户]-->执行状态：passed 请求地址：https://dev.lanhuapp.com/api/account/check_email3 响应状态：200 响应时间:115
2021-12-20 17:37:31,076::INFO::test_send_sms_code[发送短信0]-->执行状态：passed 请求地址：https://dev.lanhuapp.com/passport/api/send_verification_code_message 响应状态：200 响应时间:94
2021-12-20 17:37:31,183::INFO::test_send_sms_code[发送短信1]-->执行状态：passed 请求地址：https://dev.lanhuapp.com/passport/api/send_verification_code_message 响应状态：200 响应时间:49
2021-12-20 17:37:31,523::INFO::test_sms_register[短信注册]-->执行状态：passed 请求地址：https://dev.lanhuapp.com/passport/api/verify_sms_register 响应状态：200 响应时间:259
2021-12-20 17:37:31,637::ERROR::test_register[初始化成功]-->执行状态：failed 请求地址：https://dev.lanhuapp.com/api/account/register 响应状态：200 响应时间:61
2021-12-20 17:37:31,770::ERROR::test_register[初始化成功]-->执行状态：failed 请求地址：https://dev.lanhuapp.com/api/account/register 响应状态：200 响应时间:55
2021-12-20 17:38:12,673::INFO::test_check_email[已注册邮箱]-->执行状态：passed 请求地址：https://zz-test.lanhuapp.com/api/account/check_email3 响应状态：200 响应时间:79
2021-12-20 17:38:12,775::INFO::test_check_email[未注册账户]-->执行状态：passed 请求地址：https://zz-test.lanhuapp.com/api/account/check_email3 响应状态：200 响应时间:73
2021-12-20 17:38:12,934::INFO::test_send_sms_code[发送短信0]-->执行状态：passed 请求地址：https://zz-test.lanhuapp.com/passport/api/send_verification_code_message 响应状态：200 响应时间:54
2021-12-20 17:38:13,126::INFO::test_send_sms_code[发送短信1]-->执行状态：passed 请求地址：https://zz-test.lanhuapp.com/passport/api/send_verification_code_message 响应状态：200 响应时间:138
2021-12-20 17:38:13,296::INFO::test_sms_register[短信注册]-->执行状态：passed 请求地址：https://zz-test.lanhuapp.com/passport/api/verify_sms_register 响应状态：200 响应时间:79
2021-12-20 17:38:13,404::ERROR::test_register[初始化成功]-->执行状态：failed 请求地址：https://zz-test.lanhuapp.com/api/account/register 响应状态：200 响应时间:56
2021-12-20 17:38:13,535::ERROR::test_register[初始化成功]-->执行状态：failed 请求地址：https://zz-test.lanhuapp.com/api/account/register 响应状态：200 响应时间:48
